The system is: Windows - 10.0.18363 - AMD64
Compiling the C compiler identification source file "CMakeCCompilerId.c" succeeded.
Compiler: D:/Program Files (x86)/Microsoft Visual Studio 12.0/VC/bin/cl.exe 
Build flags: 
Id flags:  

The output was:
0
用于 x86 的 Microsoft (R) C/C++ 优化编译器 18.00.21005.1 版版权所有(C) Microsoft Corporation。  保留所有权利。

CMakeCCompilerId.c
Microsoft (R) Incremental Linker Version 12.00.21005.1
Copyright (C) Microsoft Corporation.  All rights reserved.

/out:CMakeCCompilerId.exe 
CMakeCCompilerId.obj 


Compilation of the C compiler identification source "CMakeCCompilerId.c" produced "CMakeCCompilerId.exe"

Compilation of the C compiler identification source "CMakeCCompilerId.c" produced "CMakeCCompilerId.obj"

The C compiler identification is MSVC, found in "E:/lbxy/c/project/practice_c/cmake-build-debug/CMakeFiles/3.17.3/CompilerIdC/CMakeCCompilerId.exe"

Determining if the C compiler works passed with the following output:
Change Dir: E:/lbxy/c/project/practice_c/cmake-build-debug/CMakeFiles/CMakeTmp

Run Build Command(s):nmake /nologo cmTC_0cf2d\fast && 	"D:\Program Files (x86)\Microsoft Visual Studio 12.0\VC\BIN\nmake.exe"  -f CMakeFiles\cmTC_0cf2d.dir\build.make /nologo -L                  CMakeFiles\cmTC_0cf2d.dir\build
Building C object CMakeFiles/cmTC_0cf2d.dir/testCCompiler.c.obj
	"D:\Program Files (x86)\Microsoft Visual Studio 12.0\VC\bin\cl.exe" @C:\Users\caoqiang\AppData\Local\Temp\nmE4F7.tmp
testCCompiler.c
Linking C executable cmTC_0cf2d.exe
	"D:\JetBrains\CLion 203.4203.24\bin\cmake\win\bin\cmake.exe" -E vs_link_exe --intdir=CMakeFiles\cmTC_0cf2d.dir --rc=C:\PROGRA~2\WI3CF2~1\8.1\bin\x86\rc.exe --mt=C:\PROGRA~2\WI3CF2~1\8.1\bin\x86\mt.exe --manifests  -- "D:\Program Files (x86)\Microsoft Visual Studio 12.0\VC\bin\link.exe" /nologo @CMakeFiles\cmTC_0cf2d.dir\objects1.rsp @C:\Users\caoqiang\AppData\Local\Temp\nmE640.tmp



Detecting C compiler ABI info compiled with the following output:
Change Dir: E:/lbxy/c/project/practice_c/cmake-build-debug/CMakeFiles/CMakeTmp

Run Build Command(s):nmake /nologo cmTC_8cf0e\fast && 	"D:\Program Files (x86)\Microsoft Visual Studio 12.0\VC\BIN\nmake.exe"  -f CMakeFiles\cmTC_8cf0e.dir\build.make /nologo -L                  CMakeFiles\cmTC_8cf0e.dir\build
Building C object CMakeFiles/cmTC_8cf0e.dir/CMakeCCompilerABI.c.obj
	"D:\Program Files (x86)\Microsoft Visual Studio 12.0\VC\bin\cl.exe" @C:\Users\caoqiang\AppData\Local\Temp\nmE862.tmp
CMakeCCompilerABI.c
Linking C executable cmTC_8cf0e.exe
	"D:\JetBrains\CLion 203.4203.24\bin\cmake\win\bin\cmake.exe" -E vs_link_exe --intdir=CMakeFiles\cmTC_8cf0e.dir --rc=C:\PROGRA~2\WI3CF2~1\8.1\bin\x86\rc.exe --mt=C:\PROGRA~2\WI3CF2~1\8.1\bin\x86\mt.exe --manifests  -- "D:\Program Files (x86)\Microsoft Visual Studio 12.0\VC\bin\link.exe" /nologo @CMakeFiles\cmTC_8cf0e.dir\objects1.rsp @C:\Users\caoqiang\AppData\Local\Temp\nmE8B1.tmp



